<?xml version="1.0" encoding="UTF-8"?>
<!-- Generated by org.testng.reporters.JUnitReportReporter -->
<testsuite hostname="DESKTOP-Q5NNM28" failures="0" tests="1" name="testNG.TestngEx1" time="0.005" errors="0" timestamp="2022-10-11T19:38:11 IST" skipped="0">
  <testcase classname="testNG.TestngEx1" name="TestNg" time="0.005"/>
  <system-out/>
</testsuite> <!-- testNG.TestngEx1 -->
