<?xml version="1.0" encoding="UTF-8"?>
<!-- Generated by org.testng.reporters.JUnitReportReporter -->
<testsuite hostname="DESKTOP-Q5NNM28" failures="0" tests="1" name="testNG.parameter" time="22.647" errors="0" timestamp="2022-10-11T20:22:40 IST" skipped="0">
  <testcase classname="testNG.parameter" name="Ex1" time="22.647"/>
  <system-out/>
</testsuite> <!-- testNG.parameter -->
