<?xml version="1.0" encoding="UTF-8"?>
<!-- Generated by org.testng.reporters.JUnitReportReporter -->
<testsuite hostname="DESKTOP-Q5NNM28" failures="0" tests="3" name="testNG.invocation2" time="79.854" errors="0" timestamp="2022-10-11T19:00:46 IST" skipped="0">
  <testcase classname="testNG.invocation2" name="Ex1" time="34.937"/>
  <system-out/>
  <testcase classname="testNG.invocation2" name="Ex1" time="17.618"/>
  <system-out/>
  <testcase classname="testNG.invocation2" name="Ex1" time="27.299"/>
  <system-out/>
</testsuite> <!-- testNG.invocation2 -->
