<?xml version="1.0" encoding="UTF-8"?>
<!-- Generated by org.testng.reporters.JUnitReportReporter -->
<testsuite hostname="DESKTOP-Q5NNM28" failures="0" tests="3" name="testNG.invocation" time="104.464" errors="0" timestamp="2022-10-11T18:20:31 IST" skipped="0">
  <testcase classname="testNG.invocation" name="Ex1" time="20.657"/>
  <system-out/>
  <testcase classname="testNG.invocation" name="Ex1" time="46.501"/>
  <system-out/>
  <testcase classname="testNG.invocation" name="Ex1" time="37.306"/>
  <system-out/>
</testsuite> <!-- testNG.invocation -->
