<?xml version="1.0" encoding="UTF-8"?>
<!-- Generated by org.testng.reporters.JUnitReportReporter -->
<testsuite hostname="DESKTOP-Q5NNM28" failures="0" tests="3" name="testNG.NewTest" time="0.008" errors="0" timestamp="2022-10-11T16:13:36 IST" skipped="0">
  <testcase classname="testNG.NewTest" name="string" time="0.007"/>
  <system-out/>
  <testcase classname="testNG.NewTest" name="addtion" time="0.000"/>
  <system-out/>
  <testcase classname="testNG.NewTest" name="subtraction" time="0.001"/>
  <system-out/>
</testsuite> <!-- testNG.NewTest -->
