<?xml version="1.0" encoding="UTF-8"?>
<!-- Generated by org.testng.reporters.JUnitReportReporter -->
<testsuite hostname="DESKTOP-Q5NNM28" failures="0" tests="2" name="testNG.dataProvider" time="0.007" errors="0" timestamp="2022-10-11T18:23:23 IST" skipped="0">
  <testcase classname="testNG.dataProvider" name="f" time="0.006"/>
  <system-out/>
  <testcase classname="testNG.dataProvider" name="f" time="0.001"/>
  <system-out/>
</testsuite> <!-- testNG.dataProvider -->
