<?xml version="1.0" encoding="UTF-8"?>
<!-- Generated by org.testng.reporters.JUnitReportReporter -->
<testsuite hostname="DESKTOP-Q5NNM28" failures="0" tests="1" name="testNG.parameter" time="7.760" errors="0" timestamp="2022-10-12T19:53:43 IST" skipped="0">
  <testcase classname="testNG.parameter" name="Ex1" time="7.760"/>
  <system-out/>
</testsuite> <!-- testNG.parameter -->
